2023-11-09T10:32:14+00:00 CRITICAL Uncaught Error: Call to undefined function is_my_account() in C:\xampp\htdocs\pauzzi-pets\wp-content\themes\pauzzi-pets\header.php:138
Stack trace:
#0 C:\xampp\htdocs\pauzzi-pets\wp-includes\template.php(790): require_once()
#1 C:\xampp\htdocs\pauzzi-pets\wp-includes\template.php(725): load_template('C:\\xampp\\htdocs...', true, Array)
#2 C:\xampp\htdocs\pauzzi-pets\wp-includes\general-template.php(48): locate_template(Array, true, true, Array)
#3 C:\xampp\htdocs\pauzzi-pets\wp-content\themes\pauzzi-pets\page.php(12): get_header()
#4 C:\xampp\htdocs\pauzzi-pets\wp-includes\template-loader.php(106): include('C:\\xampp\\htdocs...')
#5 C:\xampp\htdocs\pauzzi-pets\wp-blog-header.php(19): require_once('C:\\xampp\\htdocs...')
#6 C:\xampp\htdocs\pauzzi-pets\index.php(17): require('C:\\xampp\\htdocs...')
#7 {main}
  thrown in C:\xampp\htdocs\pauzzi-pets\wp-content\themes\pauzzi-pets\header.php on line 138

2023-11-09T10:32:15+00:00 CRITICAL Uncaught Error: Call to undefined function is_my_account() in C:\xampp\htdocs\pauzzi-pets\wp-content\themes\pauzzi-pets\header.php:138
Stack trace:
#0 C:\xampp\htdocs\pauzzi-pets\wp-includes\template.php(790): require_once()
#1 C:\xampp\htdocs\pauzzi-pets\wp-includes\template.php(725): load_template('C:\\xampp\\htdocs...', true, Array)
#2 C:\xampp\htdocs\pauzzi-pets\wp-includes\general-template.php(48): locate_template(Array, true, true, Array)
#3 C:\xampp\htdocs\pauzzi-pets\wp-content\themes\pauzzi-pets\404.php(12): get_header()
#4 C:\xampp\htdocs\pauzzi-pets\wp-includes\template-loader.php(106): include('C:\\xampp\\htdocs...')
#5 C:\xampp\htdocs\pauzzi-pets\wp-blog-header.php(19): require_once('C:\\xampp\\htdocs...')
#6 C:\xampp\htdocs\pauzzi-pets\index.php(17): require('C:\\xampp\\htdocs...')
#7 {main}
  thrown in C:\xampp\htdocs\pauzzi-pets\wp-content\themes\pauzzi-pets\header.php on line 138

